C:\CYGWIN\HOME\SS435\FORM\DEBUG\AUXFUNC.OBJ
C:\CYGWIN\HOME\SS435\FORM\DEBUG\CALCULATE.OBJ
C:\cygwin\home\ss435\form\Debug\cl.command.1.tlog
C:\cygwin\home\ss435\form\Debug\CL.read.1.tlog
C:\cygwin\home\ss435\form\Debug\CL.write.1.tlog
C:\CYGWIN\HOME\SS435\FORM\DEBUG\FORM.EXE
C:\CYGWIN\HOME\SS435\FORM\DEBUG\FORM.EXE.EMBED.MANIFEST
C:\CYGWIN\HOME\SS435\FORM\DEBUG\FORM.EXE.EMBED.MANIFEST.RES
C:\CYGWIN\HOME\SS435\FORM\DEBUG\FORM.EXE.INTERMEDIATE.MANIFEST
C:\CYGWIN\HOME\SS435\FORM\DEBUG\FORM.ILK
C:\CYGWIN\HOME\SS435\FORM\DEBUG\FORM.PDB
C:\cygwin\home\ss435\form\Debug\form_manifest.rc
C:\cygwin\home\ss435\form\Debug\link.7048.read.1.tlog
C:\cygwin\home\ss435\form\Debug\link.7048.write.1.tlog
C:\cygwin\home\ss435\form\Debug\link.7048-cvtres.read.1.tlog
C:\cygwin\home\ss435\form\Debug\link.7048-cvtres.write.1.tlog
C:\cygwin\home\ss435\form\Debug\link.command.1.tlog
C:\cygwin\home\ss435\form\Debug\link.read.1.tlog
C:\cygwin\home\ss435\form\Debug\link.write.1.tlog
C:\cygwin\home\ss435\form\Debug\link-cvtres.read.1.tlog
C:\cygwin\home\ss435\form\Debug\link-cvtres.write.1.tlog
C:\CYGWIN\HOME\SS435\FORM\DEBUG\MODEL.OBJ
C:\cygwin\home\ss435\form\Debug\mt.command.1.tlog
C:\cygwin\home\ss435\form\Debug\mt.read.1.tlog
C:\cygwin\home\ss435\form\Debug\mt.write.1.tlog
C:\CYGWIN\HOME\SS435\FORM\DEBUG\PREPOST.OBJ
C:\cygwin\home\ss435\form\Debug\rc.command.1.tlog
C:\cygwin\home\ss435\form\Debug\rc.read.1.tlog
C:\cygwin\home\ss435\form\Debug\rc.write.1.tlog
C:\CYGWIN\HOME\SS435\FORM\DEBUG\SUNEARTH.OBJ
C:\CYGWIN\HOME\SS435\FORM\DEBUG\SVFPL.OBJ
C:\cygwin\home\ss435\form\Debug\vc100.idb
C:\CYGWIN\HOME\SS435\FORM\DEBUG\VC100.PDB
