Build started 4/18/2013 1:44:15 PM.
     1>Project "C:\cygwin\home\ss435\form\form.vcxproj" on node 2 (build target(s)).
     1>InitializeBuildStatus:
         Creating "Debug\form.unsuccessfulbuild" because "AlwaysCreate" was specified.
       ClCompile:
         c:\Program Files (x86)\Microsoft Visual Studio 10.0\VC\bin\CL.exe /c /ZI /nologo /W3 /WX- /Od /Oy- /D WIN32 /D _DEBUG /D _CONSOLE /D _UNICODE /D UNICODE /Gm /EHsc /RTC1 /MDd /GS /fp:precise /Zc:wchar_t /Zc:forScope /openmp- /Fo"Debug\\" /Fd"Debug\vc100.pdb" /Gd /TP /analyze- /errorReport:prompt svfpl.cpp
         svfpl.cpp
       ManifestResourceCompile:
         All outputs are up-to-date.
       Link:
         c:\Program Files (x86)\Microsoft Visual Studio 10.0\VC\bin\link.exe /ERRORREPORT:PROMPT /OUT:"C:\cygwin\home\ss435\form\Debug\form.exe" /INCREMENTAL /NOLOGO kernel32.lib user32.lib gdi32.lib winspool.lib comdlg32.lib advapi32.lib shell32.lib ole32.lib oleaut32.lib uuid.lib odbc32.lib odbccp32.lib /MANIFEST /ManifestFile:"Debug\form.exe.intermediate.manifest" /MANIFESTUAC:"level='asInvoker' uiAccess='false'" /DEBUG /PDB:"C:\cygwin\home\ss435\form\Debug\form.pdb" /SUBSYSTEM:CONSOLE /TLBID:1 /DYNAMICBASE /NXCOMPAT /IMPLIB:"C:\cygwin\home\ss435\form\Debug\form.lib" /MACHINE:X86 Debug\form.exe.embed.manifest.res
         Debug\auxfunc.obj
         Debug\calculate.obj
         Debug\model.obj
         Debug\prepost.obj
         Debug\sunearth.obj
         Debug\svfpl.obj
       Manifest:
         C:\Program Files (x86)\Microsoft SDKs\Windows\v7.0A\bin\mt.exe /nologo /verbose /out:"Debug\form.exe.embed.manifest" /manifest Debug\form.exe.intermediate.manifest
         All outputs are up-to-date.
       LinkEmbedManifest:
         All outputs are up-to-date.
         form.vcxproj -> C:\cygwin\home\ss435\form\Debug\form.exe
       FinalizeBuildStatus:
         Deleting file "Debug\form.unsuccessfulbuild".
         Touching "Debug\form.lastbuildstate".
     1>Done Building Project "C:\cygwin\home\ss435\form\form.vcxproj" (build target(s)).

Build succeeded.

Time Elapsed 00:00:01.54
