Build started 2/14/2013 1:02:13 PM.
     1>Project "C:\cygwin\home\ss435\form\form.vcxproj" on node 2 (rebuild target(s)).
     1>_PrepareForClean:
         Deleting file "Release\form.lastbuildstate".
       InitializeBuildStatus:
         Creating "Release\form.unsuccessfulbuild" because "AlwaysCreate" was specified.
       ClCompile:
         c:\Program Files (x86)\Microsoft Visual Studio 10.0\VC\bin\CL.exe /c /I"C:\Program Files\MATLAB\R2011a\extern\include" /Zi /nologo /W3 /WX- /O2 /Oi /Oy- /GL /D WIN32 /D NDEBUG /D _CONSOLE /D _UNICODE /D UNICODE /Gm- /EHsc /MD /GS /Gy /fp:precise /Zc:wchar_t /Zc:forScope /openmp /Fo"Release\\" /Fd"Release\vc100.pdb" /Gd /TP /analyze- /errorReport:prompt auxfunc.cpp calculate.cpp model.cpp prepost.cpp sunearth.cpp svfpl.cpp
         auxfunc.cpp
         calculate.cpp
         model.cpp
         prepost.cpp
         sunearth.cpp
         svfpl.cpp
       Link:
         c:\Program Files (x86)\Microsoft Visual Studio 10.0\VC\bin\link.exe /ERRORREPORT:PROMPT /OUT:"C:\cygwin\home\ss435\form\Release\form.exe" /INCREMENTAL:NO /NOLOGO /LIBPATH:"C:\Program Files\MATLAB\R2011a\extern\lib\win64\microsoft" libemlrt.lib libeng.lib libfixedpoint.lib libmat.lib libmex.lib libmwblas.lib libmwblascompat32.lib libmwcgir_construct.lib libmwlapack.lib libmwmathutil.lib libmwservices.lib libmwsl_fileio.lib libmwsl_solver_rtw.lib libmx.lib libut.lib mclbase.lib mclmcr.lib mclmcrrt.lib ne_mli.lib ne_rtl.lib physmod_foundation_util.lib rtwcg.lib SimulinkBlock.lib kernel32.lib user32.lib gdi32.lib winspool.lib comdlg32.lib advapi32.lib shell32.lib ole32.lib oleaut32.lib uuid.lib odbc32.lib odbccp32.lib /MANIFEST /ManifestFile:"Release\form.exe.intermediate.manifest" /MANIFESTUAC:"level='asInvoker' uiAccess='false'" /DEBUG /PDB:"C:\cygwin\home\ss435\form\Release\form.pdb" /SUBSYSTEM:CONSOLE /OPT:REF /OPT:ICF /LTCG /TLBID:1 /DYNAMICBASE /NXCOMPAT /IMPLIB:"C:\cygwin\home\ss435\form\Release\form.lib" /MACHINE:X86 Release\auxfunc.obj
         Release\calculate.obj
         Release\model.obj
         Release\prepost.obj
         Release\sunearth.obj
         Release\svfpl.obj
         Generating code
         Finished generating code
         form.vcxproj -> C:\cygwin\home\ss435\form\Release\form.exe
       Manifest:
         C:\Program Files (x86)\Microsoft SDKs\Windows\v7.0A\bin\mt.exe /nologo /verbose /outputresource:"C:\cygwin\home\ss435\form\Release\form.exe;#1" /manifest Release\form.exe.intermediate.manifest
       FinalizeBuildStatus:
         Deleting file "Release\form.unsuccessfulbuild".
         Touching "Release\form.lastbuildstate".
     1>Done Building Project "C:\cygwin\home\ss435\form\form.vcxproj" (rebuild target(s)).

Build succeeded.

Time Elapsed 00:00:02.18
